<?xml version="1.0" encoding="UTF-8"?>
<!-- Generated by org.testng.reporters.JUnitReportReporter -->
<testsuite hostname="DESKTOP-JJ905MD" failures="0" tests="1" name="testNG.concepts.TestNGPractice" time="7.259" errors="0" timestamp="01 Nov 2020 04:23:02 GMT" skipped="0">
  <testcase classname="testNG.concepts.TestNGPractice" name="getTitleOfPage" time="7.259"/>
</testsuite> <!-- testNG.concepts.TestNGPractice -->
