<?xml version="1.0" encoding="UTF-8"?>
<!-- Generated by org.testng.reporters.JUnitReportReporter -->
<testsuite hostname="DESKTOP-JJ905MD" failures="0" tests="5" name="tesNG.Concepts.TestNGGroups" time="0.020" errors="0" timestamp="29 Oct 2020 00:34:35 GMT" skipped="0">
  <testcase classname="tesNG.Concepts.TestNGGroups" name="testRegression" time="0.005"/>
  <testcase classname="tesNG.Concepts.TestNGGroups" name="testSmoke_two" time="0.003"/>
  <testcase classname="tesNG.Concepts.TestNGGroups" name="testSmoke_three" time="0.002"/>
  <testcase classname="tesNG.Concepts.TestNGGroups" name="testRegression_two" time="0.007"/>
  <testcase classname="tesNG.Concepts.TestNGGroups" name="testSmoke" time="0.003"/>
</testsuite> <!-- tesNG.Concepts.TestNGGroups -->
