<?xml version="1.0" encoding="UTF-8"?>
<!-- Generated by org.testng.reporters.JUnitReportReporter -->
<testsuite hostname="DESKTOP-JJ905MD" failures="0" tests="3" name="testNG.Concepts.TestNGGroups" time="0.025" errors="0" timestamp="29 Oct 2020 00:37:32 GMT" skipped="0">
  <testcase classname="testNG.Concepts.TestNGGroups" name="testSmoke_three" time="0.010"/>
  <testcase classname="testNG.Concepts.TestNGGroups" name="testSmoke_two" time="0.005"/>
  <testcase classname="testNG.Concepts.TestNGGroups" name="testSmoke" time="0.010"/>
</testsuite> <!-- testNG.Concepts.TestNGGroups -->
