<?xml version="1.0" encoding="UTF-8"?>
<!-- Generated by org.testng.reporters.JUnitReportReporter -->
<testsuite hostname="DESKTOP-JJ905MD" failures="0" tests="4" name="tesNGConcepts.TestNGAnnotations" time="0.016" errors="0" timestamp="28 Oct 2020 23:53:46 GMT" skipped="0">
  <testcase classname="tesNGConcepts.TestNGAnnotations" name="test_without_priority" time="0.011"/>
  <testcase classname="tesNGConcepts.TestNGAnnotations" name="test_one" time="0.001"/>
  <testcase classname="tesNGConcepts.TestNGAnnotations" name="test_two" time="0.002"/>
  <testcase classname="tesNGConcepts.TestNGAnnotations" name="test_three" time="0.002"/>
</testsuite> <!-- tesNGConcepts.TestNGAnnotations -->
