<?xml version="1.0" encoding="UTF-8"?>
<!-- Generated by org.testng.reporters.JUnitReportReporter -->
<testsuite hostname="DESKTOP-JJ905MD" failures="0" tests="1" name="tests.LoginTest" time="23.040" errors="0" timestamp="03 Nov 2020 02:41:54 GMT" skipped="0">
  <testcase classname="tests.LoginTest" name="loginToHotel" time="23.040"/>
</testsuite> <!-- tests.LoginTest -->
