<?xml version="1.0" encoding="UTF-8"?>
<!-- Generated by org.testng.reporters.JUnitReportReporter -->
<testsuite hostname="DESKTOP-JJ905MD" failures="0" tests="2" name="testNG.concepts.TestNGDataDrivenConcepts" time="0.009" errors="0" timestamp="01 Nov 2020 03:54:09 GMT" skipped="1">
  <testcase classname="testNG.concepts.TestNGDataDrivenConcepts" name="dataProviderExample" time="0.009"/>
  <testcase classname="testNG.concepts.TestNGDataDrivenConcepts" name="parametersExample">
    <skipped/>
  </testcase> <!-- parametersExample -->
</testsuite> <!-- testNG.concepts.TestNGDataDrivenConcepts -->
